Arguments: 
  /Users/nbm/n/bin/node /Users/nbm/n/bin/yarn start

PATH: 
  /repos/mongodb-osx-x86_64-3.4.10-50-gae67a97/bin:/usr/local/bin:/usr/bin:/bin:/usr/sbin:/sbin:/Users/nbm/n/bin

Yarn version: 
  1.5.1

Node version: 
  8.10.0

Platform: 
  darwin x64

npm manifest: 
  No manifest

yarn manifest: 
  No manifest

Lockfile: 
  No lockfile

Trace: 
  Error: Couldn't find a package.json file in "/Users/nbm/Documents/react"
      at new MessageError (/Users/nbm/n/lib/node_modules/yarn/lib/cli.js:186:110)
      at /Users/nbm/n/lib/node_modules/yarn/lib/cli.js:40048:15
      at Generator.next (<anonymous>)
      at step (/Users/nbm/n/lib/node_modules/yarn/lib/cli.js:98:30)
      at /Users/nbm/n/lib/node_modules/yarn/lib/cli.js:109:13
      at <anonymous>
